<?xml version="1.0" encoding="UTF-8"?>
<!-- Generated by org.testng.reporters.JUnitXMLReporter -->
<testsuite hostname="LAPTOP-0MK9KKKF" ignored="5" name="Default test(failed)" tests="1" failures="0" timestamp="2023-09-07T10:22:56 IST" time="28.385" errors="0">
  <testcase name="verifyProductAddedToCartTest" time="8.93" classname="TestClass.ProductPageTest"/>
  <testcase name="verifySwagLabLabelTest" time="0.0" classname="TestClass.ProductPageTest">
    <ignored/>
  </testcase> <!-- verifySwagLabLabelTest -->
  <testcase name="verifyUrlOfProductPageTest" time="0.0" classname="TestClass.ProductPageTest">
    <ignored/>
  </testcase> <!-- verifyUrlOfProductPageTest -->
  <testcase name="verifyProductPageLabelTest" time="0.0" classname="TestClass.ProductPageTest">
    <ignored/>
  </testcase> <!-- verifyProductPageLabelTest -->
  <testcase name="verifyTitleOfProductPageTest" time="0.0" classname="TestClass.ProductPageTest">
    <ignored/>
  </testcase> <!-- verifyTitleOfProductPageTest -->
  <testcase name="verifyAddToCartBtnTest" time="0.0" classname="TestClass.ProductPageTest">
    <ignored/>
  </testcase> <!-- verifyAddToCartBtnTest -->
</testsuite> <!-- Default test(failed) -->
