<?xml version="1.0" encoding="UTF-8"?>
<!-- Generated by org.testng.reporters.JUnitXMLReporter -->
<testsuite hostname="LAPTOP-0MK9KKKF" ignored="7" name="Test" tests="2" failures="0" timestamp="2023-09-07T10:16:35 IST" time="28.789" errors="0">
  <testcase name="verifyLoginPageTitle" time="0.059" classname="TestClass.LoginPageTest"/>
  <testcase name="verifyUrlOfProductPageTest" time="0.016" classname="TestClass.ProductPageTest"/>
  <testcase name="verifySwagLabLabelTest" time="0.0" classname="TestClass.ProductPageTest">
    <ignored/>
  </testcase> <!-- verifySwagLabLabelTest -->
  <testcase name="verifyProductAddedToCartTest" time="0.0" classname="TestClass.ProductPageTest">
    <ignored/>
  </testcase> <!-- verifyProductAddedToCartTest -->
  <testcase name="LoginToAppTest" time="0.0" classname="TestClass.LoginPageTest">
    <ignored/>
  </testcase> <!-- LoginToAppTest -->
  <testcase name="verifyProductPageLabelTest" time="0.0" classname="TestClass.ProductPageTest">
    <ignored/>
  </testcase> <!-- verifyProductPageLabelTest -->
  <testcase name="LoginPageUrlVeriTest" time="0.0" classname="TestClass.LoginPageTest">
    <ignored/>
  </testcase> <!-- LoginPageUrlVeriTest -->
  <testcase name="verifyTitleOfProductPageTest" time="0.0" classname="TestClass.ProductPageTest">
    <ignored/>
  </testcase> <!-- verifyTitleOfProductPageTest -->
  <testcase name="verifyAddToCartBtnTest" time="0.0" classname="TestClass.ProductPageTest">
    <ignored/>
  </testcase> <!-- verifyAddToCartBtnTest -->
</testsuite> <!-- Test -->
